<?xml version="1.0" encoding="UTF-8"?>
<!-- Generated by org.testng.reporters.JUnitReportReporter -->
<testsuite hostname="SV-23-QA-006-R" failures="0" tests="1" name="com.test.TC_login_page" time="25.296" errors="0" timestamp="25 Aug 2023 16:31:58 GMT" skipped="0">
  <testcase classname="com.test.TC_login_page" name="verify_login_pageAgain" time="25.296"/>
</testsuite> <!-- com.test.TC_login_page -->
