<?xml version="1.0" encoding="UTF-8"?>
<!-- Generated by org.testng.reporters.JUnitReportReporter -->
<testsuite hostname="SV-23-QA-006-R" failures="0" tests="3" name="com.test.TC_login_page" time="22.871" errors="0" timestamp="24 Aug 2023 17:39:24 GMT" skipped="0">
  <testcase classname="com.test.TC_login_page" name="verify_forgotPaswordLink" time="6.628"/>
  <testcase classname="com.test.TC_login_page" name="verify_login_pageAgain" time="6.511"/>
  <testcase classname="com.test.TC_login_page" name="verify_login_page" time="9.732"/>
</testsuite> <!-- com.test.TC_login_page -->
