<?xml version="1.0" encoding="UTF-8"?>
<!-- Generated by org.testng.reporters.JUnitReportReporter -->
<testsuite hostname="SV-23-QA-006-R" failures="0" tests="1" name="com.test.TC_01" time="9.550" errors="0" timestamp="24 Aug 2023 05:56:10 GMT" skipped="0">
  <testcase classname="com.test.TC_01" name="verify_login_page" time="9.550"/>
</testsuite> <!-- com.test.TC_01 -->
